<?xml version="1.0" encoding="UTF-8" ?>
<testsuites>
  <testsuite errors="2" failures="1" hostname="StarFight-PC" id="0" name="DomainForTestSpockControllerSpec" package="pictureuploader" tests="7" time="3.106" timestamp="2013-11-15T11:23:58">
      <properties />

      <testcase classname="pictureuploader.DomainForTestSpockControllerSpec" name="Test the index action returns the correct model" time="1.907" />

      <testcase classname="pictureuploader.DomainForTestSpockControllerSpec" name="Test the create action returns the correct model" time="0.153" />

      <testcase classname="pictureuploader.DomainForTestSpockControllerSpec" name="Test the save action correctly persists an instance" time="0.316">
          <error message="Cannot redirect for object [pictureuploader.DomainForTestSpock : (unsaved)] it is not a domain or has no identifier. Use an explicit redirect instead " type="org.codehaus.groovy.grails.web.servlet.mvc.exceptions.CannotRedirectException">org.codehaus.groovy.grails.web.servlet.mvc.exceptions.CannotRedirectException: Cannot redirect for object [pictureuploader.DomainForTestSpock : (unsaved)] it is not a domain or has no identifier. Use an explicit redirect instead 
	at pictureuploader.DomainForTestSpockController.save_closure4_closure9_closure10(DomainForTestSpockController.groovy:43)
	at pictureuploader.DomainForTestSpockController.save_closure4(DomainForTestSpockController.groovy:40)
	at pictureuploader.DomainForTestSpockControllerSpec.Test the save action correctly persists an instance(DomainForTestSpockControllerSpec.groovy:52)
</error>

      </testcase>

      <testcase classname="pictureuploader.DomainForTestSpockControllerSpec" name="Test that the show action returns the correct model" time="0.09" />

      <testcase classname="pictureuploader.DomainForTestSpockControllerSpec" name="Test that the edit action returns the correct model" time="0.082" />

      <testcase classname="pictureuploader.DomainForTestSpockControllerSpec" name="Test the update action performs an update on a valid domain instance" time="0.266">
          <error message="Cannot get property &apos;id&apos; on null object" type="java.lang.NullPointerException">java.lang.NullPointerException: Cannot get property &apos;id&apos; on null object
	at pictureuploader.DomainForTestSpockControllerSpec.Test the update action performs an update on a valid domain instance(DomainForTestSpockControllerSpec.groovy:118)
</error>

      </testcase>

      <testcase classname="pictureuploader.DomainForTestSpockControllerSpec" name="Test that the delete action deletes an instance if it exists" time="0.1">
          <failure message="Condition not satisfied:&#xa;&#xa;DomainForTestSpock.count() == 1&#xa;                   |       |&#xa;                   0       false&#xa;" type="junit.framework.AssertionFailedError">junit.framework.AssertionFailedError: Condition not satisfied:

DomainForTestSpock.count() == 1
                   |       |
                   0       false

	at pictureuploader.DomainForTestSpockControllerSpec.Test that the delete action deletes an instance if it exists(DomainForTestSpockControllerSpec.groovy:136)
</failure>

      </testcase>

      <system-out><![CDATA[--Output from Test the index action returns the correct model--
--Output from Test the create action returns the correct model--
--Output from Test the save action correctly persists an instance--
--Output from Test that the show action returns the correct model--
--Output from Test that the edit action returns the correct model--
--Output from Test the update action performs an update on a valid domain instance--
--Output from Test that the delete action deletes an instance if it exists--
]]></system-out>

      <system-err><![CDATA[--Output from Test the index action returns the correct model--
--Output from Test the create action returns the correct model--
--Output from Test the save action correctly persists an instance--
--Output from Test that the show action returns the correct model--
--Output from Test that the edit action returns the correct model--
--Output from Test the update action performs an update on a valid domain instance--
--Output from Test that the delete action deletes an instance if it exists--
]]></system-err>

  </testsuite>
  <testsuite errors="2" failures="1" hostname="StarFight-PC" id="1" name="RoleControllerSpec" package="pictureuploader" tests="7" time="1.107" timestamp="2013-11-15T11:24:01">
      <properties />

      <testcase classname="pictureuploader.RoleControllerSpec" name="Test the index action returns the correct model" time="0.357" />

      <testcase classname="pictureuploader.RoleControllerSpec" name="Test the create action returns the correct model" time="0.083" />

      <testcase classname="pictureuploader.RoleControllerSpec" name="Test the save action correctly persists an instance" time="0.135">
          <error message="Cannot redirect for object [pictureuploader.Role : (unsaved)] it is not a domain or has no identifier. Use an explicit redirect instead " type="org.codehaus.groovy.grails.web.servlet.mvc.exceptions.CannotRedirectException">org.codehaus.groovy.grails.web.servlet.mvc.exceptions.CannotRedirectException: Cannot redirect for object [pictureuploader.Role : (unsaved)] it is not a domain or has no identifier. Use an explicit redirect instead 
	at pictureuploader.RoleController.save_closure4_closure9_closure10(RoleController.groovy:43)
	at pictureuploader.RoleController.save_closure4(RoleController.groovy:40)
	at pictureuploader.RoleControllerSpec.Test the save action correctly persists an instance(RoleControllerSpec.groovy:52)
</error>

      </testcase>

      <testcase classname="pictureuploader.RoleControllerSpec" name="Test that the show action returns the correct model" time="0.074" />

      <testcase classname="pictureuploader.RoleControllerSpec" name="Test that the edit action returns the correct model" time="0.069" />

      <testcase classname="pictureuploader.RoleControllerSpec" name="Test the update action performs an update on a valid domain instance" time="0.148">
          <error message="Cannot get property &apos;id&apos; on null object" type="java.lang.NullPointerException">java.lang.NullPointerException: Cannot get property &apos;id&apos; on null object
	at pictureuploader.RoleControllerSpec.Test the update action performs an update on a valid domain instance(RoleControllerSpec.groovy:118)
</error>

      </testcase>

      <testcase classname="pictureuploader.RoleControllerSpec" name="Test that the delete action deletes an instance if it exists" time="0.095">
          <failure message="Condition not satisfied:&#xa;&#xa;Role.count() == 1&#xa;     |       |&#xa;     0       false&#xa;" type="junit.framework.AssertionFailedError">junit.framework.AssertionFailedError: Condition not satisfied:

Role.count() == 1
     |       |
     0       false

	at pictureuploader.RoleControllerSpec.Test that the delete action deletes an instance if it exists(RoleControllerSpec.groovy:136)
</failure>

      </testcase>

      <system-out><![CDATA[--Output from Test the index action returns the correct model--
--Output from Test the create action returns the correct model--
--Output from Test the save action correctly persists an instance--
--Output from Test that the show action returns the correct model--
--Output from Test that the edit action returns the correct model--
--Output from Test the update action performs an update on a valid domain instance--
--Output from Test that the delete action deletes an instance if it exists--
]]></system-out>

      <system-err><![CDATA[--Output from Test the index action returns the correct model--
--Output from Test the create action returns the correct model--
--Output from Test the save action correctly persists an instance--
--Output from Test that the show action returns the correct model--
--Output from Test that the edit action returns the correct model--
--Output from Test the update action performs an update on a valid domain instance--
--Output from Test that the delete action deletes an instance if it exists--
]]></system-err>

  </testsuite>
  <testsuite errors="0" failures="1" hostname="StarFight-PC" id="2" name="TestForDomainTestSpockSpec" package="pictureuploader" tests="1" time="0.2" timestamp="2013-11-15T11:24:03">
      <properties />

      <testcase classname="pictureuploader.TestForDomainTestSpockSpec" name="tester" time="0.009">
          <failure message="Condition not satisfied:&#xa;&#xa;vilain.ToString() == &quot;le groovy �a marche pas 666&quot;&#xa;|      |          |&#xa;|      |          false&#xa;|      |          5 differences (84% similarity)&#xa;|      |          le groovy �a marche pas 666( null)&#xa;|      |          le groovy �a marche pas 666(-----)&#xa;|      le groovy �a marche pas 666 null&#xa;pictureuploader.DomainForTestSpock : (unsaved)&#xa;" type="junit.framework.AssertionFailedError">junit.framework.AssertionFailedError: Condition not satisfied:

vilain.ToString() == &quot;le groovy �a marche pas 666&quot;
|      |          |
|      |          false
|      |          5 differences (84% similarity)
|      |          le groovy �a marche pas 666( null)
|      |          le groovy �a marche pas 666(-----)
|      le groovy �a marche pas 666 null
pictureuploader.DomainForTestSpock : (unsaved)

	at pictureuploader.TestForDomainTestSpockSpec.tester(TestForDomainTestSpockSpec.groovy:28)
</failure>

      </testcase>

      <system-out><![CDATA[--Output from tester--
]]></system-out>

      <system-err><![CDATA[--Output from tester--
]]></system-err>

  </testsuite>
  <testsuite errors="2" failures="1" hostname="StarFight-PC" id="3" name="UserControllerSpec" package="pictureuploader" tests="7" time="0.903" timestamp="2013-11-15T11:24:03">
      <properties />

      <testcase classname="pictureuploader.UserControllerSpec" name="Test the index action returns the correct model" time="0.336" />

      <testcase classname="pictureuploader.UserControllerSpec" name="Test the create action returns the correct model" time="0.097" />

      <testcase classname="pictureuploader.UserControllerSpec" name="Test the save action correctly persists an instance" time="0.117">
          <error message="Cannot redirect for object [pictureuploader.User : (unsaved)] it is not a domain or has no identifier. Use an explicit redirect instead " type="org.codehaus.groovy.grails.web.servlet.mvc.exceptions.CannotRedirectException">org.codehaus.groovy.grails.web.servlet.mvc.exceptions.CannotRedirectException: Cannot redirect for object [pictureuploader.User : (unsaved)] it is not a domain or has no identifier. Use an explicit redirect instead 
	at pictureuploader.UserController.save_closure4_closure9_closure10(UserController.groovy:43)
	at pictureuploader.UserController.save_closure4(UserController.groovy:40)
	at pictureuploader.UserControllerSpec.Test the save action correctly persists an instance(UserControllerSpec.groovy:52)
</error>

      </testcase>

      <testcase classname="pictureuploader.UserControllerSpec" name="Test that the show action returns the correct model" time="0.109" />

      <testcase classname="pictureuploader.UserControllerSpec" name="Test that the edit action returns the correct model" time="0.073" />

      <testcase classname="pictureuploader.UserControllerSpec" name="Test the update action performs an update on a valid domain instance" time="0.104">
          <error message="Cannot get property &apos;id&apos; on null object" type="java.lang.NullPointerException">java.lang.NullPointerException: Cannot get property &apos;id&apos; on null object
	at pictureuploader.UserControllerSpec.Test the update action performs an update on a valid domain instance(UserControllerSpec.groovy:118)
</error>

      </testcase>

      <testcase classname="pictureuploader.UserControllerSpec" name="Test that the delete action deletes an instance if it exists" time="0.066">
          <failure message="Condition not satisfied:&#xa;&#xa;User.count() == 1&#xa;     |       |&#xa;     0       false&#xa;" type="junit.framework.AssertionFailedError">junit.framework.AssertionFailedError: Condition not satisfied:

User.count() == 1
     |       |
     0       false

	at pictureuploader.UserControllerSpec.Test that the delete action deletes an instance if it exists(UserControllerSpec.groovy:136)
</failure>

      </testcase>

      <system-out><![CDATA[--Output from Test the index action returns the correct model--
--Output from Test the create action returns the correct model--
--Output from Test the save action correctly persists an instance--
--Output from Test that the show action returns the correct model--
--Output from Test that the edit action returns the correct model--
--Output from Test the update action performs an update on a valid domain instance--
--Output from Test that the delete action deletes an instance if it exists--
]]></system-out>

      <system-err><![CDATA[--Output from Test the index action returns the correct model--
--Output from Test the create action returns the correct model--
--Output from Test the save action correctly persists an instance--
--Output from Test that the show action returns the correct model--
--Output from Test that the edit action returns the correct model--
--Output from Test the update action performs an update on a valid domain instance--
--Output from Test that the delete action deletes an instance if it exists--
]]></system-err>

  </testsuite>
</testsuites>
