<?xml version="1.0" encoding="UTF-8" ?>
<testsuites>
  <testsuite errors="2" failures="1" hostname="Poubelle" id="0" name="DomainForTestSpockControllerSpec" package="pictureuploader" tests="7" time="3.243" timestamp="2013-10-31T11:04:30">
      <properties />

      <testcase classname="pictureuploader.DomainForTestSpockControllerSpec" name="Test the index action returns the correct model" time="1.953" />

      <testcase classname="pictureuploader.DomainForTestSpockControllerSpec" name="Test the create action returns the correct model" time="0.132" />

      <testcase classname="pictureuploader.DomainForTestSpockControllerSpec" name="Test the save action correctly persists an instance" time="0.581">
          <error message="Cannot redirect for object [pictureuploader.DomainForTestSpock : (unsaved)] it is not a domain or has no identifier. Use an explicit redirect instead " type="org.codehaus.groovy.grails.web.servlet.mvc.exceptions.CannotRedirectException">org.codehaus.groovy.grails.web.servlet.mvc.exceptions.CannotRedirectException: Cannot redirect for object [pictureuploader.DomainForTestSpock : (unsaved)] it is not a domain or has no identifier. Use an explicit redirect instead 
	at pictureuploader.DomainForTestSpockController.save_closure4_closure9_closure10(DomainForTestSpockController.groovy:43)
	at pictureuploader.DomainForTestSpockController.save_closure4(DomainForTestSpockController.groovy:40)
	at pictureuploader.DomainForTestSpockControllerSpec.Test the save action correctly persists an instance(DomainForTestSpockControllerSpec.groovy:52)
</error>

      </testcase>

      <testcase classname="pictureuploader.DomainForTestSpockControllerSpec" name="Test that the show action returns the correct model" time="0.069" />

      <testcase classname="pictureuploader.DomainForTestSpockControllerSpec" name="Test that the edit action returns the correct model" time="0.064" />

      <testcase classname="pictureuploader.DomainForTestSpockControllerSpec" name="Test the update action performs an update on a valid domain instance" time="0.202">
          <error message="Cannot get property &apos;id&apos; on null object" type="java.lang.NullPointerException">java.lang.NullPointerException: Cannot get property &apos;id&apos; on null object
	at pictureuploader.DomainForTestSpockControllerSpec.Test the update action performs an update on a valid domain instance(DomainForTestSpockControllerSpec.groovy:118)
</error>

      </testcase>

      <testcase classname="pictureuploader.DomainForTestSpockControllerSpec" name="Test that the delete action deletes an instance if it exists" time="0.096">
          <failure message="Condition not satisfied:&#xa;&#xa;DomainForTestSpock.count() == 1&#xa;                   |       |&#xa;                   0       false&#xa;" type="junit.framework.AssertionFailedError">junit.framework.AssertionFailedError: Condition not satisfied:

DomainForTestSpock.count() == 1
                   |       |
                   0       false

	at pictureuploader.DomainForTestSpockControllerSpec.Test that the delete action deletes an instance if it exists(DomainForTestSpockControllerSpec.groovy:136)
</failure>

      </testcase>

      <system-out><![CDATA[--Output from Test the index action returns the correct model--
--Output from Test the create action returns the correct model--
--Output from Test the save action correctly persists an instance--
--Output from Test that the show action returns the correct model--
--Output from Test that the edit action returns the correct model--
--Output from Test the update action performs an update on a valid domain instance--
--Output from Test that the delete action deletes an instance if it exists--
]]></system-out>

      <system-err><![CDATA[--Output from Test the index action returns the correct model--
--Output from Test the create action returns the correct model--
--Output from Test the save action correctly persists an instance--
--Output from Test that the show action returns the correct model--
--Output from Test that the edit action returns the correct model--
--Output from Test the update action performs an update on a valid domain instance--
--Output from Test that the delete action deletes an instance if it exists--
]]></system-err>

  </testsuite>
  <testsuite errors="0" failures="0" hostname="Poubelle" id="1" name="TestForDomainTestSpockSpec" package="pictureuploader" tests="1" time="0.003" timestamp="2013-10-31T11:04:34">
      <properties />

      <testcase classname="pictureuploader.TestForDomainTestSpockSpec" name="tester" time="0.003" />

      <system-out><![CDATA[--Output from tester--
]]></system-out>

      <system-err><![CDATA[--Output from tester--
]]></system-err>

  </testsuite>
</testsuites>
